

*******************************************************************************
Sun Dec 20 14:22:41 2020


FIT:    data read from 'dd_dblp.dat' using (log($1)):(log($2))
        format = x:z
        #datapoints = 199
        residuals are weighted equally (unit weight)

function used for fitting: f(x)
	f(x) = lc - gamma * x
fitted parameters initialized with current variable values

iter      chisq       delta/lim  lambda   lc            gamma        
   0 7.9039213112e+03   0.00e+00  3.22e+00    1.000000e+00   1.000000e+00
   4 7.3562572818e+01  -1.58e-08  3.22e-04    2.342979e+00   2.705555e+00

After 4 iterations the fit converged.
final sum of squares of residuals : 73.5626
rel. change during last iteration : -1.58215e-13

degrees of freedom    (FIT_NDF)                        : 197
rms of residuals      (FIT_STDFIT) = sqrt(WSSR/ndf)    : 0.611076
variance of residuals (reduced chisquare) = WSSR/ndf   : 0.373414

Final set of parameters            Asymptotic Standard Error
=======================            ==========================
lc              = 2.34298          +/- 0.1971       (8.414%)
gamma           = 2.70556          +/- 0.04438      (1.64%)

correlation matrix of the fit parameters:
                lc     gamma  
lc              1.000 
gamma           0.976  1.000 


*******************************************************************************
Sun Dec 20 14:25:12 2020


FIT:    data read from 'dd_dblp.dat' using (log($1)):(log($2))
        format = x:z
        #datapoints = 199
        residuals are weighted equally (unit weight)

function used for fitting: f(x)
	f(x) = lc - gamma * x
fitted parameters initialized with current variable values

iter      chisq       delta/lim  lambda   lc            gamma        
   0 7.9039213112e+03   0.00e+00  3.22e+00    1.000000e+00   1.000000e+00
   4 7.3562572818e+01  -1.58e-08  3.22e-04    2.342979e+00   2.705555e+00

After 4 iterations the fit converged.
final sum of squares of residuals : 73.5626
rel. change during last iteration : -1.58215e-13

degrees of freedom    (FIT_NDF)                        : 197
rms of residuals      (FIT_STDFIT) = sqrt(WSSR/ndf)    : 0.611076
variance of residuals (reduced chisquare) = WSSR/ndf   : 0.373414

Final set of parameters            Asymptotic Standard Error
=======================            ==========================
lc              = 2.34298          +/- 0.1971       (8.414%)
gamma           = 2.70556          +/- 0.04438      (1.64%)

correlation matrix of the fit parameters:
                lc     gamma  
lc              1.000 
gamma           0.976  1.000 


*******************************************************************************
Sun Dec 20 14:31:17 2020


FIT:    data read from 'dd_dblp.dat' using (log($1)):(log($2))
        format = x:z
        #datapoints = 199
        residuals are weighted equally (unit weight)

function used for fitting: f(x)
	f(x) = lc - gamma * x
fitted parameters initialized with current variable values

iter      chisq       delta/lim  lambda   lc            gamma        
   0 7.9039213112e+03   0.00e+00  3.22e+00    1.000000e+00   1.000000e+00
   4 7.3562572818e+01  -1.58e-08  3.22e-04    2.342979e+00   2.705555e+00

After 4 iterations the fit converged.
final sum of squares of residuals : 73.5626
rel. change during last iteration : -1.58215e-13

degrees of freedom    (FIT_NDF)                        : 197
rms of residuals      (FIT_STDFIT) = sqrt(WSSR/ndf)    : 0.611076
variance of residuals (reduced chisquare) = WSSR/ndf   : 0.373414

Final set of parameters            Asymptotic Standard Error
=======================            ==========================
lc              = 2.34298          +/- 0.1971       (8.414%)
gamma           = 2.70556          +/- 0.04438      (1.64%)

correlation matrix of the fit parameters:
                lc     gamma  
lc              1.000 
gamma           0.976  1.000 


*******************************************************************************
Sun Dec 20 14:36:01 2020


FIT:    data read from 'dd_dblp.dat' using (log($1)):(log($2))
        format = x:z
        #datapoints = 199
        residuals are weighted equally (unit weight)

function used for fitting: f(x)
	f(x) = lc - gamma * x
fitted parameters initialized with current variable values

iter      chisq       delta/lim  lambda   lc            gamma        
   0 7.9039213112e+03   0.00e+00  3.22e+00    1.000000e+00   1.000000e+00
   4 7.3562572818e+01  -1.58e-08  3.22e-04    2.342979e+00   2.705555e+00

After 4 iterations the fit converged.
final sum of squares of residuals : 73.5626
rel. change during last iteration : -1.58215e-13

degrees of freedom    (FIT_NDF)                        : 197
rms of residuals      (FIT_STDFIT) = sqrt(WSSR/ndf)    : 0.611076
variance of residuals (reduced chisquare) = WSSR/ndf   : 0.373414

Final set of parameters            Asymptotic Standard Error
=======================            ==========================
lc              = 2.34298          +/- 0.1971       (8.414%)
gamma           = 2.70556          +/- 0.04438      (1.64%)

correlation matrix of the fit parameters:
                lc     gamma  
lc              1.000 
gamma           0.976  1.000 


*******************************************************************************
Sun Dec 20 14:53:11 2020


FIT:    data read from 'distances.dat' using (log($1)):(log($2))
        format = x:z
        #datapoints = 21
        residuals are weighted equally (unit weight)

function used for fitting: f(x)
	f(x) = lc - gamma * x
fitted parameters initialized with current variable values

iter      chisq       delta/lim  lambda   lc            gamma        
   0 1.3226183595e+03   0.00e+00  1.78e+00    1.000000e+00   1.000000e+00
   3 4.2625280365e+02  -2.15e-01  1.78e-03   -2.224545e+00   2.481271e+00

After 3 iterations the fit converged.
final sum of squares of residuals : 426.253
rel. change during last iteration : -2.15464e-06

degrees of freedom    (FIT_NDF)                        : 19
rms of residuals      (FIT_STDFIT) = sqrt(WSSR/ndf)    : 4.73649
variance of residuals (reduced chisquare) = WSSR/ndf   : 22.4344

Final set of parameters            Asymptotic Standard Error
=======================            ==========================
lc              = -2.22455         +/- 2.984        (134.1%)
gamma           = 2.48127          +/- 1.295        (52.21%)

correlation matrix of the fit parameters:
                lc     gamma  
lc              1.000 
gamma           0.938  1.000 


*******************************************************************************
Sun Dec 20 15:09:13 2020


FIT:    data read from 'distances.dat' using (log($1)):(log($2))
        format = x:z
        #datapoints = 21
        residuals are weighted equally (unit weight)

function used for fitting: f(x)
	f(x) = lc - gamma * x
fitted parameters initialized with current variable values

iter      chisq       delta/lim  lambda   lc            gamma        
   0 1.3226183595e+03   0.00e+00  1.78e+00    1.000000e+00   1.000000e+00
   3 4.2625280365e+02  -2.15e-01  1.78e-03   -2.224545e+00   2.481271e+00

After 3 iterations the fit converged.
final sum of squares of residuals : 426.253
rel. change during last iteration : -2.15464e-06

degrees of freedom    (FIT_NDF)                        : 19
rms of residuals      (FIT_STDFIT) = sqrt(WSSR/ndf)    : 4.73649
variance of residuals (reduced chisquare) = WSSR/ndf   : 22.4344

Final set of parameters            Asymptotic Standard Error
=======================            ==========================
lc              = -2.22455         +/- 2.984        (134.1%)
gamma           = 2.48127          +/- 1.295        (52.21%)

correlation matrix of the fit parameters:
                lc     gamma  
lc              1.000 
gamma           0.938  1.000 


*******************************************************************************
Sun Dec 20 15:31:04 2020


FIT:    data read from 'distances.dat' using (log($1)):(log($2))
        format = x:z
        #datapoints = 21
        residuals are weighted equally (unit weight)

function used for fitting: f(x)
	f(x) = lc - gamma * x
fitted parameters initialized with current variable values

iter      chisq       delta/lim  lambda   lc            gamma        
   0 1.3226183595e+03   0.00e+00  1.78e+00    1.000000e+00   1.000000e+00
   3 4.2625280365e+02  -2.15e-01  1.78e-03   -2.224545e+00   2.481271e+00

After 3 iterations the fit converged.
final sum of squares of residuals : 426.253
rel. change during last iteration : -2.15464e-06

degrees of freedom    (FIT_NDF)                        : 19
rms of residuals      (FIT_STDFIT) = sqrt(WSSR/ndf)    : 4.73649
variance of residuals (reduced chisquare) = WSSR/ndf   : 22.4344

Final set of parameters            Asymptotic Standard Error
=======================            ==========================
lc              = -2.22455         +/- 2.984        (134.1%)
gamma           = 2.48127          +/- 1.295        (52.21%)

correlation matrix of the fit parameters:
                lc     gamma  
lc              1.000 
gamma           0.938  1.000 


*******************************************************************************
Sun Dec 20 15:39:08 2020


FIT:    data read from 'dd_dblp.dat' using (log($1)):(log($2))
        format = x:z
        #datapoints = 199
        residuals are weighted equally (unit weight)

function used for fitting: f(x)
	f(x) = lc - gamma * x
fitted parameters initialized with current variable values

iter      chisq       delta/lim  lambda   lc            gamma        
   0 7.9039213112e+03   0.00e+00  3.22e+00    1.000000e+00   1.000000e+00
   4 7.3562572818e+01  -1.58e-08  3.22e-04    2.342979e+00   2.705555e+00

After 4 iterations the fit converged.
final sum of squares of residuals : 73.5626
rel. change during last iteration : -1.58215e-13

degrees of freedom    (FIT_NDF)                        : 197
rms of residuals      (FIT_STDFIT) = sqrt(WSSR/ndf)    : 0.611076
variance of residuals (reduced chisquare) = WSSR/ndf   : 0.373414

Final set of parameters            Asymptotic Standard Error
=======================            ==========================
lc              = 2.34298          +/- 0.1971       (8.414%)
gamma           = 2.70556          +/- 0.04438      (1.64%)

correlation matrix of the fit parameters:
                lc     gamma  
lc              1.000 
gamma           0.976  1.000 


*******************************************************************************
Sun Dec 20 16:17:00 2020


FIT:    data read from 'dd_dblp.dat' using (log($1)):(log($2))
        format = x:z
        #datapoints = 199
        residuals are weighted equally (unit weight)

function used for fitting: f(x)
	f(x) = lc - gamma * x
fitted parameters initialized with current variable values

iter      chisq       delta/lim  lambda   lc            gamma        
   0 7.9039213112e+03   0.00e+00  3.22e+00    1.000000e+00   1.000000e+00
   4 7.3562572818e+01  -1.58e-08  3.22e-04    2.342979e+00   2.705555e+00

After 4 iterations the fit converged.
final sum of squares of residuals : 73.5626
rel. change during last iteration : -1.58215e-13

degrees of freedom    (FIT_NDF)                        : 197
rms of residuals      (FIT_STDFIT) = sqrt(WSSR/ndf)    : 0.611076
variance of residuals (reduced chisquare) = WSSR/ndf   : 0.373414

Final set of parameters            Asymptotic Standard Error
=======================            ==========================
lc              = 2.34298          +/- 0.1971       (8.414%)
gamma           = 2.70556          +/- 0.04438      (1.64%)

correlation matrix of the fit parameters:
                lc     gamma  
lc              1.000 
gamma           0.976  1.000 
